<?xml version="1.0" encoding="UTF-8"?>
<!-- Generated by org.testng.reporters.JUnitReportReporter -->
<testsuite hostname="INLT3532" failures="0" tests="4" name="api.test.UserTests" time="8.355" errors="0" timestamp="2023-12-18T01:08:04 IST" skipped="0">
  <testcase classname="api.test.UserTests" name="testPostUser" time="2.990"/>
  <testcase classname="api.test.UserTests" name="testGetUserbyName" time="1.344"/>
  <testcase classname="api.test.UserTests" name="testUpdateUser" time="2.680"/>
  <testcase classname="api.test.UserTests" name="testDeleteUserbyName" time="1.341"/>
</testsuite> <!-- api.test.UserTests -->
