<?xml version="1.0" encoding="UTF-8"?>
<!-- Generated by org.testng.reporters.JUnitReportReporter -->
<testsuite hostname="INLT3532" failures="0" tests="4" name="api.test.UserTests" time="8.049" errors="0" timestamp="2023-12-18T23:20:33 IST" skipped="0">
  <testcase classname="api.test.UserTests" name="testPostUser" time="2.805"/>
  <testcase classname="api.test.UserTests" name="testGetUserbyName" time="1.330"/>
  <testcase classname="api.test.UserTests" name="testUpdateUser" time="2.614"/>
  <testcase classname="api.test.UserTests" name="testDeleteUserbyName" time="1.300"/>
</testsuite> <!-- api.test.UserTests -->
